[2025-01-29 07:44:16] [1] [WARN] Reporting disabled: using no op test run registrar
[2025-01-29 07:44:16] [1] [INFO] TEST [carinanativeautomation - openAppTest] STARTED at [16:44:16 2025-01-29]
[2025-01-29 07:44:16] [1] [INFO] Starting driver session...
[2025-01-29 07:44:17] [1] [ERROR] Failed to attach artifact reference 'app' to test run because it has not been started yet.
[2025-01-29 07:44:18] [1] [ERROR] TEST [carinanativeautomation - openAppTest] FAILED at [16:44:18 2025-01-29] - Could not start a new session. Response code 500. Message: An unknown server-side error occurred while processing the command. Original error: The archive did not have any matching .app or .ipa bundles. Please make sure the provided package is valid and contains at least one matching application bundle which is not nested. 
Host info: host: 'mmiguez', ip: '2800:810:598:1132:24de:72c:94c9:c361%en0'
Build info: version: '4.7.0', revision: '0a5b49d16f'
System info: os.name: 'Mac OS X', os.arch: 'aarch64', os.version: '15.2', java.version: '21.0.4'
Driver info: io.appium.java_client.ios.IOSDriver
Command: [null, newSession {capabilities=[{appium:deviceType=phone, appium:udid=42FA5759-B174-4DA4-B39F-A341A6A8998A, appium:locale=en_US, appium:language=en, appium:deviceName=iPhone 16 Pro (42FA5759-B174-4DA4-B39F-A341A6A8998A), platformName=IOS, appium:automationName=XCUITest, appium:app=/Users/manumiguez/Documents/Code/Java/Test/carinanativeautomation/src/main/resources/apps/iOS.RealDevice.SauceLabs.Mobile.Sample.app.2.7.1.ipa, appium:platformVersion=18.2}], desiredCapabilities=Capabilities {appium:app: /Users/manumiguez/Documents..., appium:automationName: XCUITest, appium:deviceName: iPhone 16 Pro (42FA5759-B17..., appium:deviceType: phone, appium:language: en, appium:locale: en_US, appium:platformVersion: 18.2, appium:udid: 42FA5759-B174-4DA4-B39F-A34..., platformName: IOS}}]
Capabilities {}

org.openqa.selenium.remote.ProtocolHandshake.createSession(ProtocolHandshake.java:148)
java.base/jdk.internal.reflect.DirectMethodHandleAccessor.invoke(DirectMethodHandleAccessor.java:103)
java.base/java.lang.reflect.Method.invoke(Method.java:580)
io.appium.java_client.remote.AppiumProtocolHandshake.createSession(AppiumProtocolHandshake.java:133)
io.appium.java_client.remote.AppiumProtocolHandshake.createSession(AppiumProtocolHandshake.java:102)
io.appium.java_client.remote.AppiumCommandExecutor.createSession(AppiumCommandExecutor.java:194)
io.appium.java_client.remote.AppiumCommandExecutor.execute(AppiumCommandExecutor.java:262)
org.openqa.selenium.remote.RemoteWebDriver.execute(RemoteWebDriver.java:541)
io.appium.java_client.AppiumDriver.startSession(AppiumDriver.java:229)
org.openqa.selenium.remote.RemoteWebDriver.<init>(RemoteWebDriver.java:157)
io.appium.java_client.AppiumDriver.<init>(AppiumDriver.java:80)
io.appium.java_client.AppiumDriver.<init>(AppiumDriver.java:88)
io.appium.java_client.ios.IOSDriver.<init>(IOSDriver.java:220)
com.zebrunner.carina.webdriver.core.factory.impl.MobileFactory.create(MobileFactory.java:130)
com.zebrunner.carina.webdriver.core.factory.DriverFactory.create(DriverFactory.java:87)
com.zebrunner.carina.webdriver.IDriverPool.createDriver(IDriverPool.java:364)
com.zebrunner.carina.webdriver.IDriverPool.getDriver(IDriverPool.java:117)
com.zebrunner.carina.webdriver.IDriverPool.getDriver(IDriverPool.java:80)
com.zebrunner.carina.webdriver.IDriverPool.getDriver(IDriverPool.java:68)
com.solvd.carina.SampleTest.openAppTest(SampleTest.java:10)
java.base/jdk.internal.reflect.DirectMethodHandleAccessor.invoke(DirectMethodHandleAccessor.java:103)
java.base/java.lang.reflect.Method.invoke(Method.java:580)
org.testng.internal.invokers.MethodInvocationHelper.invokeMethod(MethodInvocationHelper.java:139)
org.testng.internal.invokers.TestInvoker.invokeMethod(TestInvoker.java:677)
org.testng.internal.invokers.TestInvoker.invokeTestMethod(TestInvoker.java:221)
org.testng.internal.invokers.MethodRunner.runInSequence(MethodRunner.java:50)
org.testng.internal.invokers.TestInvoker$MethodInvocationAgent.invoke(TestInvoker.java:969)
org.testng.internal.invokers.TestInvoker.invokeTestMethods(TestInvoker.java:194)
org.testng.internal.invokers.TestMethodWorker.invokeTestMethods(TestMethodWorker.java:148)
org.testng.internal.invokers.TestMethodWorker.run(TestMethodWorker.java:128)
java.base/java.util.ArrayList.forEach(ArrayList.java:1596)
org.testng.TestRunner.privateRun(TestRunner.java:829)
org.testng.TestRunner.run(TestRunner.java:602)
org.testng.SuiteRunner.runTest(SuiteRunner.java:437)
org.testng.SuiteRunner.runSequentially(SuiteRunner.java:431)
org.testng.SuiteRunner.privateRun(SuiteRunner.java:391)
org.testng.SuiteRunner.run(SuiteRunner.java:330)
org.testng.SuiteRunnerWorker.runSuite(SuiteRunnerWorker.java:52)
org.testng.SuiteRunnerWorker.run(SuiteRunnerWorker.java:95)
org.testng.TestNG.runSuitesSequentially(TestNG.java:1256)
org.testng.TestNG.runSuitesLocally(TestNG.java:1176)
org.testng.TestNG.runSuites(TestNG.java:1099)
org.testng.TestNG.run(TestNG.java:1067)
com.intellij.rt.testng.IDEARemoteTestNG.run(IDEARemoteTestNG.java:65)
com.intellij.rt.testng.RemoteTestNGStarter.main(RemoteTestNGStarter.java:105)
