[2025-01-30 01:47:19] [1] [WARN] Reporting disabled: using no op test run registrar
[2025-01-30 01:47:19] [1] [INFO] TEST [carinanativeautomation - SuccessfulLoginTest] STARTED at [22:47:19 2025-01-29]
[2025-01-30 01:47:19] [1] [INFO] Starting driver session...
[2025-01-30 01:47:20] [1] [ERROR] Failed to attach artifact reference 'app' to test run because it has not been started yet.
[2025-01-30 01:47:35] [1] [INFO] Driver session started.
[2025-01-30 01:47:35] [1] [ERROR] TEST [carinanativeautomation - SuccessfulLoginTest] FAILED at [22:47:35 2025-01-29] - Error creating UIObject!

com.zebrunner.carina.webdriver.decorator.ExtendedFieldDecorator.proxyForAbstractUIObject(ExtendedFieldDecorator.java:151)
com.zebrunner.carina.webdriver.decorator.ExtendedFieldDecorator.decorate(ExtendedFieldDecorator.java:87)
org.openqa.selenium.support.PageFactory.proxyFields(PageFactory.java:111)
org.openqa.selenium.support.PageFactory.initElements(PageFactory.java:103)
com.zebrunner.carina.webdriver.gui.AbstractUIObject.<init>(AbstractUIObject.java:84)
com.zebrunner.carina.webdriver.gui.AbstractUIObject.<init>(AbstractUIObject.java:66)
com.zebrunner.carina.webdriver.gui.AbstractPage.<init>(AbstractPage.java:57)
com.solvd.carina.common.pages.ProductsPageBase.<init>(ProductsPageBase.java:12)
com.solvd.carina.android.pages.ProductsPage.<init>(ProductsPage.java:17)
com.solvd.carina.Swaglabs.LoginTest.SuccessfulLoginTest(LoginTest.java:14)
java.base/jdk.internal.reflect.DirectMethodHandleAccessor.invoke(DirectMethodHandleAccessor.java:103)
java.base/java.lang.reflect.Method.invoke(Method.java:580)
org.testng.internal.invokers.MethodInvocationHelper.invokeMethod(MethodInvocationHelper.java:139)
org.testng.internal.invokers.TestInvoker.invokeMethod(TestInvoker.java:677)
org.testng.internal.invokers.TestInvoker.invokeTestMethod(TestInvoker.java:221)
org.testng.internal.invokers.MethodRunner.runInSequence(MethodRunner.java:50)
org.testng.internal.invokers.TestInvoker$MethodInvocationAgent.invoke(TestInvoker.java:969)
org.testng.internal.invokers.TestInvoker.invokeTestMethods(TestInvoker.java:194)
org.testng.internal.invokers.TestMethodWorker.invokeTestMethods(TestMethodWorker.java:148)
org.testng.internal.invokers.TestMethodWorker.run(TestMethodWorker.java:128)
java.base/java.util.ArrayList.forEach(ArrayList.java:1596)
org.testng.TestRunner.privateRun(TestRunner.java:829)
org.testng.TestRunner.run(TestRunner.java:602)
org.testng.SuiteRunner.runTest(SuiteRunner.java:437)
org.testng.SuiteRunner.runSequentially(SuiteRunner.java:431)
org.testng.SuiteRunner.privateRun(SuiteRunner.java:391)
org.testng.SuiteRunner.run(SuiteRunner.java:330)
org.testng.SuiteRunnerWorker.runSuite(SuiteRunnerWorker.java:52)
org.testng.SuiteRunnerWorker.run(SuiteRunnerWorker.java:95)
org.testng.TestNG.runSuitesSequentially(TestNG.java:1256)
org.testng.TestNG.runSuitesLocally(TestNG.java:1176)
org.testng.TestNG.runSuites(TestNG.java:1099)
org.testng.TestNG.run(TestNG.java:1067)
com.intellij.rt.testng.IDEARemoteTestNG.run(IDEARemoteTestNG.java:65)
com.intellij.rt.testng.RemoteTestNGStarter.main(RemoteTestNGStarter.java:105)
